  [1m[36m (4.0ms)[0m  [1mCREATE TABLE "schema_migrations" ("version" character varying NOT NULL) [0m
  [1m[35m (1.7ms)[0m  CREATE UNIQUE INDEX  "unique_schema_migrations" ON "schema_migrations"  ("version")
  [1m[36mActiveRecord::SchemaMigration Load (0.4ms)[0m  [1mSELECT "schema_migrations".* FROM "schema_migrations"[0m
Migrating to CreateUsers (20160929183815)
  [1m[35m (0.2ms)[0m  BEGIN
  [1m[36m (5.0ms)[0m  [1mCREATE TABLE "users" ("id" serial primary key, "user_name" character varying NOT NULL, "created_at" timestamp NOT NULL, "updated_at" timestamp NOT NULL) [0m
  [1m[35m (1.7ms)[0m  CREATE UNIQUE INDEX  "index_users_on_user_name" ON "users"  ("user_name")
  [1m[36mSQL (0.4ms)[0m  [1mINSERT INTO "schema_migrations" ("version") VALUES ($1)[0m  [["version", "20160929183815"]]
  [1m[35m (0.8ms)[0m  COMMIT
  [1m[36mActiveRecord::SchemaMigration Load (0.4ms)[0m  [1mSELECT "schema_migrations".* FROM "schema_migrations"[0m
  [1m[35m (4.4ms)[0m  SELECT t2.oid::regclass::text AS to_table, a1.attname AS column, a2.attname AS primary_key, c.conname AS name, c.confupdtype AS on_update, c.confdeltype AS on_delete
FROM pg_constraint c
JOIN pg_class t1 ON c.conrelid = t1.oid
JOIN pg_class t2 ON c.confrelid = t2.oid
JOIN pg_attribute a1 ON a1.attnum = c.conkey[1] AND a1.attrelid = t1.oid
JOIN pg_attribute a2 ON a2.attnum = c.confkey[1] AND a2.attrelid = t2.oid
JOIN pg_namespace t3 ON c.connamespace = t3.oid
WHERE c.contype = 'f'
  AND t1.relname = 'users'
  AND t3.nspname = ANY (current_schemas(false))
ORDER BY c.conname

  [1m[36mActiveRecord::SchemaMigration Load (0.5ms)[0m  [1mSELECT "schema_migrations".* FROM "schema_migrations"[0m
Migrating to CreatePolls (20160929184101)
  [1m[35m (0.2ms)[0m  BEGIN
  [1m[36m (21.9ms)[0m  [1mCREATE TABLE "polls" ("id" serial primary key, "title" character varying NOT NULL, "author" character varying NOT NULL, "created_at" timestamp NOT NULL, "updated_at" timestamp NOT NULL) [0m
  [1m[35m (1.4ms)[0m  CREATE UNIQUE INDEX  "index_polls_on_title" ON "polls"  ("title")
  [1m[36mSQL (0.3ms)[0m  [1mINSERT INTO "schema_migrations" ("version") VALUES ($1)[0m  [["version", "20160929184101"]]
  [1m[35m (1.4ms)[0m  COMMIT
  [1m[36mActiveRecord::SchemaMigration Load (0.2ms)[0m  [1mSELECT "schema_migrations".* FROM "schema_migrations"[0m
  [1m[35m (4.4ms)[0m  SELECT t2.oid::regclass::text AS to_table, a1.attname AS column, a2.attname AS primary_key, c.conname AS name, c.confupdtype AS on_update, c.confdeltype AS on_delete
FROM pg_constraint c
JOIN pg_class t1 ON c.conrelid = t1.oid
JOIN pg_class t2 ON c.confrelid = t2.oid
JOIN pg_attribute a1 ON a1.attnum = c.conkey[1] AND a1.attrelid = t1.oid
JOIN pg_attribute a2 ON a2.attnum = c.confkey[1] AND a2.attrelid = t2.oid
JOIN pg_namespace t3 ON c.connamespace = t3.oid
WHERE c.contype = 'f'
  AND t1.relname = 'polls'
  AND t3.nspname = ANY (current_schemas(false))
ORDER BY c.conname

  [1m[36m (3.9ms)[0m  [1mSELECT t2.oid::regclass::text AS to_table, a1.attname AS column, a2.attname AS primary_key, c.conname AS name, c.confupdtype AS on_update, c.confdeltype AS on_delete
FROM pg_constraint c
JOIN pg_class t1 ON c.conrelid = t1.oid
JOIN pg_class t2 ON c.confrelid = t2.oid
JOIN pg_attribute a1 ON a1.attnum = c.conkey[1] AND a1.attrelid = t1.oid
JOIN pg_attribute a2 ON a2.attnum = c.confkey[1] AND a2.attrelid = t2.oid
JOIN pg_namespace t3 ON c.connamespace = t3.oid
WHERE c.contype = 'f'
  AND t1.relname = 'users'
  AND t3.nspname = ANY (current_schemas(false))
ORDER BY c.conname
[0m
  [1m[36mActiveRecord::SchemaMigration Load (0.5ms)[0m  [1mSELECT "schema_migrations".* FROM "schema_migrations"[0m
  [1m[35mActiveRecord::SchemaMigration Load (0.2ms)[0m  SELECT "schema_migrations".* FROM "schema_migrations"
Migrating to CreatePolls (20160929184101)
  [1m[36m (0.1ms)[0m  [1mBEGIN[0m
  [1m[35m (34.3ms)[0m  DROP INDEX "index_polls_on_title"
  [1m[36m (16.2ms)[0m  [1mDROP TABLE "polls"[0m
  [1m[35mSQL (0.4ms)[0m  DELETE FROM "schema_migrations" WHERE "schema_migrations"."version" = $1  [["version", "20160929184101"]]
  [1m[36m (1.8ms)[0m  [1mCOMMIT[0m
  [1m[35mActiveRecord::SchemaMigration Load (0.3ms)[0m  SELECT "schema_migrations".* FROM "schema_migrations"
  [1m[36m (6.4ms)[0m  [1mSELECT t2.oid::regclass::text AS to_table, a1.attname AS column, a2.attname AS primary_key, c.conname AS name, c.confupdtype AS on_update, c.confdeltype AS on_delete
FROM pg_constraint c
JOIN pg_class t1 ON c.conrelid = t1.oid
JOIN pg_class t2 ON c.confrelid = t2.oid
JOIN pg_attribute a1 ON a1.attnum = c.conkey[1] AND a1.attrelid = t1.oid
JOIN pg_attribute a2 ON a2.attnum = c.confkey[1] AND a2.attrelid = t2.oid
JOIN pg_namespace t3 ON c.connamespace = t3.oid
WHERE c.contype = 'f'
  AND t1.relname = 'users'
  AND t3.nspname = ANY (current_schemas(false))
ORDER BY c.conname
[0m
  [1m[36mActiveRecord::SchemaMigration Load (0.5ms)[0m  [1mSELECT "schema_migrations".* FROM "schema_migrations"[0m
Migrating to CreatePolls (20160929184101)
  [1m[35m (0.2ms)[0m  BEGIN
  [1m[36m (20.7ms)[0m  [1mCREATE TABLE "polls" ("id" serial primary key, "title" character varying NOT NULL, "author_id" integer NOT NULL, "created_at" timestamp NOT NULL, "updated_at" timestamp NOT NULL) [0m
  [1m[35m (1.4ms)[0m  CREATE UNIQUE INDEX  "index_polls_on_title" ON "polls"  ("title")
  [1m[36mSQL (0.3ms)[0m  [1mINSERT INTO "schema_migrations" ("version") VALUES ($1)[0m  [["version", "20160929184101"]]
  [1m[35m (1.1ms)[0m  COMMIT
  [1m[36mActiveRecord::SchemaMigration Load (0.6ms)[0m  [1mSELECT "schema_migrations".* FROM "schema_migrations"[0m
  [1m[35m (4.4ms)[0m  SELECT t2.oid::regclass::text AS to_table, a1.attname AS column, a2.attname AS primary_key, c.conname AS name, c.confupdtype AS on_update, c.confdeltype AS on_delete
FROM pg_constraint c
JOIN pg_class t1 ON c.conrelid = t1.oid
JOIN pg_class t2 ON c.confrelid = t2.oid
JOIN pg_attribute a1 ON a1.attnum = c.conkey[1] AND a1.attrelid = t1.oid
JOIN pg_attribute a2 ON a2.attnum = c.confkey[1] AND a2.attrelid = t2.oid
JOIN pg_namespace t3 ON c.connamespace = t3.oid
WHERE c.contype = 'f'
  AND t1.relname = 'polls'
  AND t3.nspname = ANY (current_schemas(false))
ORDER BY c.conname

  [1m[36m (3.7ms)[0m  [1mSELECT t2.oid::regclass::text AS to_table, a1.attname AS column, a2.attname AS primary_key, c.conname AS name, c.confupdtype AS on_update, c.confdeltype AS on_delete
FROM pg_constraint c
JOIN pg_class t1 ON c.conrelid = t1.oid
JOIN pg_class t2 ON c.confrelid = t2.oid
JOIN pg_attribute a1 ON a1.attnum = c.conkey[1] AND a1.attrelid = t1.oid
JOIN pg_attribute a2 ON a2.attnum = c.confkey[1] AND a2.attrelid = t2.oid
JOIN pg_namespace t3 ON c.connamespace = t3.oid
WHERE c.contype = 'f'
  AND t1.relname = 'users'
  AND t3.nspname = ANY (current_schemas(false))
ORDER BY c.conname
[0m
  [1m[36mActiveRecord::SchemaMigration Load (0.4ms)[0m  [1mSELECT "schema_migrations".* FROM "schema_migrations"[0m
  [1m[35mActiveRecord::SchemaMigration Load (0.2ms)[0m  SELECT "schema_migrations".* FROM "schema_migrations"
Migrating to CreatePolls (20160929184101)
  [1m[36m (0.1ms)[0m  [1mBEGIN[0m
  [1m[35m (0.8ms)[0m  DROP INDEX "index_polls_on_title"
  [1m[36m (1.7ms)[0m  [1mDROP TABLE "polls"[0m
  [1m[35mSQL (0.4ms)[0m  DELETE FROM "schema_migrations" WHERE "schema_migrations"."version" = $1  [["version", "20160929184101"]]
  [1m[36m (2.1ms)[0m  [1mCOMMIT[0m
  [1m[35mActiveRecord::SchemaMigration Load (0.3ms)[0m  SELECT "schema_migrations".* FROM "schema_migrations"
  [1m[36m (4.9ms)[0m  [1mSELECT t2.oid::regclass::text AS to_table, a1.attname AS column, a2.attname AS primary_key, c.conname AS name, c.confupdtype AS on_update, c.confdeltype AS on_delete
FROM pg_constraint c
JOIN pg_class t1 ON c.conrelid = t1.oid
JOIN pg_class t2 ON c.confrelid = t2.oid
JOIN pg_attribute a1 ON a1.attnum = c.conkey[1] AND a1.attrelid = t1.oid
JOIN pg_attribute a2 ON a2.attnum = c.confkey[1] AND a2.attrelid = t2.oid
JOIN pg_namespace t3 ON c.connamespace = t3.oid
WHERE c.contype = 'f'
  AND t1.relname = 'users'
  AND t3.nspname = ANY (current_schemas(false))
ORDER BY c.conname
[0m
  [1m[36mActiveRecord::SchemaMigration Load (0.5ms)[0m  [1mSELECT "schema_migrations".* FROM "schema_migrations"[0m
Migrating to CreatePolls (20160929184101)
  [1m[35m (0.2ms)[0m  BEGIN
  [1m[36m (20.8ms)[0m  [1mCREATE TABLE "polls" ("id" serial primary key, "title" character varying NOT NULL, "author_id" integer NOT NULL, "created_at" timestamp NOT NULL, "updated_at" timestamp NOT NULL) [0m
  [1m[35m (1.3ms)[0m  CREATE UNIQUE INDEX  "index_polls_on_title" ON "polls"  ("title")
  [1m[36m (1.1ms)[0m  [1mCREATE  INDEX  "index_polls_on_author_id" ON "polls"  ("author_id")[0m
  [1m[35mSQL (0.3ms)[0m  INSERT INTO "schema_migrations" ("version") VALUES ($1)  [["version", "20160929184101"]]
  [1m[36m (0.7ms)[0m  [1mCOMMIT[0m
Migrating to CreateQuestions (20160929185403)
  [1m[35m (0.3ms)[0m  BEGIN
  [1m[36m (14.3ms)[0m  [1mCREATE TABLE "questions" ("id" serial primary key, "question_text" character varying NOT NULL, "poll_id" integer NOT NULL, "created_at" timestamp NOT NULL, "updated_at" timestamp NOT NULL) [0m
  [1m[35mSQL (0.2ms)[0m  INSERT INTO "schema_migrations" ("version") VALUES ($1)  [["version", "20160929185403"]]
  [1m[36m (0.5ms)[0m  [1mCOMMIT[0m
  [1m[35mActiveRecord::SchemaMigration Load (0.9ms)[0m  SELECT "schema_migrations".* FROM "schema_migrations"
  [1m[36m (4.7ms)[0m  [1mSELECT t2.oid::regclass::text AS to_table, a1.attname AS column, a2.attname AS primary_key, c.conname AS name, c.confupdtype AS on_update, c.confdeltype AS on_delete
FROM pg_constraint c
JOIN pg_class t1 ON c.conrelid = t1.oid
JOIN pg_class t2 ON c.confrelid = t2.oid
JOIN pg_attribute a1 ON a1.attnum = c.conkey[1] AND a1.attrelid = t1.oid
JOIN pg_attribute a2 ON a2.attnum = c.confkey[1] AND a2.attrelid = t2.oid
JOIN pg_namespace t3 ON c.connamespace = t3.oid
WHERE c.contype = 'f'
  AND t1.relname = 'polls'
  AND t3.nspname = ANY (current_schemas(false))
ORDER BY c.conname
[0m
  [1m[35m (3.7ms)[0m  SELECT t2.oid::regclass::text AS to_table, a1.attname AS column, a2.attname AS primary_key, c.conname AS name, c.confupdtype AS on_update, c.confdeltype AS on_delete
FROM pg_constraint c
JOIN pg_class t1 ON c.conrelid = t1.oid
JOIN pg_class t2 ON c.confrelid = t2.oid
JOIN pg_attribute a1 ON a1.attnum = c.conkey[1] AND a1.attrelid = t1.oid
JOIN pg_attribute a2 ON a2.attnum = c.confkey[1] AND a2.attrelid = t2.oid
JOIN pg_namespace t3 ON c.connamespace = t3.oid
WHERE c.contype = 'f'
  AND t1.relname = 'questions'
  AND t3.nspname = ANY (current_schemas(false))
ORDER BY c.conname

  [1m[36m (3.7ms)[0m  [1mSELECT t2.oid::regclass::text AS to_table, a1.attname AS column, a2.attname AS primary_key, c.conname AS name, c.confupdtype AS on_update, c.confdeltype AS on_delete
FROM pg_constraint c
JOIN pg_class t1 ON c.conrelid = t1.oid
JOIN pg_class t2 ON c.confrelid = t2.oid
JOIN pg_attribute a1 ON a1.attnum = c.conkey[1] AND a1.attrelid = t1.oid
JOIN pg_attribute a2 ON a2.attnum = c.confkey[1] AND a2.attrelid = t2.oid
JOIN pg_namespace t3 ON c.connamespace = t3.oid
WHERE c.contype = 'f'
  AND t1.relname = 'users'
  AND t3.nspname = ANY (current_schemas(false))
ORDER BY c.conname
[0m
  [1m[36mActiveRecord::SchemaMigration Load (0.5ms)[0m  [1mSELECT "schema_migrations".* FROM "schema_migrations"[0m
  [1m[35mActiveRecord::SchemaMigration Load (0.2ms)[0m  SELECT "schema_migrations".* FROM "schema_migrations"
Migrating to CreateQuestions (20160929185403)
  [1m[36m (0.1ms)[0m  [1mBEGIN[0m
  [1m[35m (1.9ms)[0m  DROP TABLE "questions"
  [1m[36mSQL (0.5ms)[0m  [1mDELETE FROM "schema_migrations" WHERE "schema_migrations"."version" = $1[0m  [["version", "20160929185403"]]
  [1m[35m (1.9ms)[0m  COMMIT
  [1m[36mActiveRecord::SchemaMigration Load (0.3ms)[0m  [1mSELECT "schema_migrations".* FROM "schema_migrations"[0m
  [1m[35m (4.4ms)[0m  SELECT t2.oid::regclass::text AS to_table, a1.attname AS column, a2.attname AS primary_key, c.conname AS name, c.confupdtype AS on_update, c.confdeltype AS on_delete
FROM pg_constraint c
JOIN pg_class t1 ON c.conrelid = t1.oid
JOIN pg_class t2 ON c.confrelid = t2.oid
JOIN pg_attribute a1 ON a1.attnum = c.conkey[1] AND a1.attrelid = t1.oid
JOIN pg_attribute a2 ON a2.attnum = c.confkey[1] AND a2.attrelid = t2.oid
JOIN pg_namespace t3 ON c.connamespace = t3.oid
WHERE c.contype = 'f'
  AND t1.relname = 'polls'
  AND t3.nspname = ANY (current_schemas(false))
ORDER BY c.conname

  [1m[36m (3.7ms)[0m  [1mSELECT t2.oid::regclass::text AS to_table, a1.attname AS column, a2.attname AS primary_key, c.conname AS name, c.confupdtype AS on_update, c.confdeltype AS on_delete
FROM pg_constraint c
JOIN pg_class t1 ON c.conrelid = t1.oid
JOIN pg_class t2 ON c.confrelid = t2.oid
JOIN pg_attribute a1 ON a1.attnum = c.conkey[1] AND a1.attrelid = t1.oid
JOIN pg_attribute a2 ON a2.attnum = c.confkey[1] AND a2.attrelid = t2.oid
JOIN pg_namespace t3 ON c.connamespace = t3.oid
WHERE c.contype = 'f'
  AND t1.relname = 'users'
  AND t3.nspname = ANY (current_schemas(false))
ORDER BY c.conname
[0m
  [1m[36mActiveRecord::SchemaMigration Load (0.5ms)[0m  [1mSELECT "schema_migrations".* FROM "schema_migrations"[0m
Migrating to CreateQuestions (20160929185403)
  [1m[35m (0.2ms)[0m  BEGIN
  [1m[36m (6.2ms)[0m  [1mCREATE TABLE "questions" ("id" serial primary key, "question_text" character varying NOT NULL, "poll_id" integer NOT NULL, "created_at" timestamp NOT NULL, "updated_at" timestamp NOT NULL) [0m
  [1m[35m (1.2ms)[0m  CREATE  INDEX  "index_questions_on_poll_id" ON "questions"  ("poll_id")
  [1m[36mSQL (0.3ms)[0m  [1mINSERT INTO "schema_migrations" ("version") VALUES ($1)[0m  [["version", "20160929185403"]]
  [1m[35m (1.0ms)[0m  COMMIT
  [1m[36mActiveRecord::SchemaMigration Load (0.3ms)[0m  [1mSELECT "schema_migrations".* FROM "schema_migrations"[0m
  [1m[35m (4.7ms)[0m  SELECT t2.oid::regclass::text AS to_table, a1.attname AS column, a2.attname AS primary_key, c.conname AS name, c.confupdtype AS on_update, c.confdeltype AS on_delete
FROM pg_constraint c
JOIN pg_class t1 ON c.conrelid = t1.oid
JOIN pg_class t2 ON c.confrelid = t2.oid
JOIN pg_attribute a1 ON a1.attnum = c.conkey[1] AND a1.attrelid = t1.oid
JOIN pg_attribute a2 ON a2.attnum = c.confkey[1] AND a2.attrelid = t2.oid
JOIN pg_namespace t3 ON c.connamespace = t3.oid
WHERE c.contype = 'f'
  AND t1.relname = 'polls'
  AND t3.nspname = ANY (current_schemas(false))
ORDER BY c.conname

  [1m[36m (3.8ms)[0m  [1mSELECT t2.oid::regclass::text AS to_table, a1.attname AS column, a2.attname AS primary_key, c.conname AS name, c.confupdtype AS on_update, c.confdeltype AS on_delete
FROM pg_constraint c
JOIN pg_class t1 ON c.conrelid = t1.oid
JOIN pg_class t2 ON c.confrelid = t2.oid
JOIN pg_attribute a1 ON a1.attnum = c.conkey[1] AND a1.attrelid = t1.oid
JOIN pg_attribute a2 ON a2.attnum = c.confkey[1] AND a2.attrelid = t2.oid
JOIN pg_namespace t3 ON c.connamespace = t3.oid
WHERE c.contype = 'f'
  AND t1.relname = 'questions'
  AND t3.nspname = ANY (current_schemas(false))
ORDER BY c.conname
[0m
  [1m[35m (3.7ms)[0m  SELECT t2.oid::regclass::text AS to_table, a1.attname AS column, a2.attname AS primary_key, c.conname AS name, c.confupdtype AS on_update, c.confdeltype AS on_delete
FROM pg_constraint c
JOIN pg_class t1 ON c.conrelid = t1.oid
JOIN pg_class t2 ON c.confrelid = t2.oid
JOIN pg_attribute a1 ON a1.attnum = c.conkey[1] AND a1.attrelid = t1.oid
JOIN pg_attribute a2 ON a2.attnum = c.confkey[1] AND a2.attrelid = t2.oid
JOIN pg_namespace t3 ON c.connamespace = t3.oid
WHERE c.contype = 'f'
  AND t1.relname = 'users'
  AND t3.nspname = ANY (current_schemas(false))
ORDER BY c.conname

  [1m[36mActiveRecord::SchemaMigration Load (0.5ms)[0m  [1mSELECT "schema_migrations".* FROM "schema_migrations"[0m
Migrating to CreateAnswerChoices (20160929185904)
  [1m[35m (0.2ms)[0m  BEGIN
  [1m[36m (5.6ms)[0m  [1mCREATE TABLE "answer_choices" ("id" serial primary key, "answer_text" character varying NOT NULL, "question_id" integer, "created_at" timestamp NOT NULL, "updated_at" timestamp NOT NULL) [0m
  [1m[35m (1.2ms)[0m  CREATE  INDEX  "index_answer_choices_on_question_id" ON "answer_choices"  ("question_id")
  [1m[36mSQL (0.4ms)[0m  [1mINSERT INTO "schema_migrations" ("version") VALUES ($1)[0m  [["version", "20160929185904"]]
  [1m[35m (1.3ms)[0m  COMMIT
  [1m[36mActiveRecord::SchemaMigration Load (0.3ms)[0m  [1mSELECT "schema_migrations".* FROM "schema_migrations"[0m
  [1m[35m (4.4ms)[0m  SELECT t2.oid::regclass::text AS to_table, a1.attname AS column, a2.attname AS primary_key, c.conname AS name, c.confupdtype AS on_update, c.confdeltype AS on_delete
FROM pg_constraint c
JOIN pg_class t1 ON c.conrelid = t1.oid
JOIN pg_class t2 ON c.confrelid = t2.oid
JOIN pg_attribute a1 ON a1.attnum = c.conkey[1] AND a1.attrelid = t1.oid
JOIN pg_attribute a2 ON a2.attnum = c.confkey[1] AND a2.attrelid = t2.oid
JOIN pg_namespace t3 ON c.connamespace = t3.oid
WHERE c.contype = 'f'
  AND t1.relname = 'answer_choices'
  AND t3.nspname = ANY (current_schemas(false))
ORDER BY c.conname

  [1m[36m (4.0ms)[0m  [1mSELECT t2.oid::regclass::text AS to_table, a1.attname AS column, a2.attname AS primary_key, c.conname AS name, c.confupdtype AS on_update, c.confdeltype AS on_delete
FROM pg_constraint c
JOIN pg_class t1 ON c.conrelid = t1.oid
JOIN pg_class t2 ON c.confrelid = t2.oid
JOIN pg_attribute a1 ON a1.attnum = c.conkey[1] AND a1.attrelid = t1.oid
JOIN pg_attribute a2 ON a2.attnum = c.confkey[1] AND a2.attrelid = t2.oid
JOIN pg_namespace t3 ON c.connamespace = t3.oid
WHERE c.contype = 'f'
  AND t1.relname = 'polls'
  AND t3.nspname = ANY (current_schemas(false))
ORDER BY c.conname
[0m
  [1m[35m (4.6ms)[0m  SELECT t2.oid::regclass::text AS to_table, a1.attname AS column, a2.attname AS primary_key, c.conname AS name, c.confupdtype AS on_update, c.confdeltype AS on_delete
FROM pg_constraint c
JOIN pg_class t1 ON c.conrelid = t1.oid
JOIN pg_class t2 ON c.confrelid = t2.oid
JOIN pg_attribute a1 ON a1.attnum = c.conkey[1] AND a1.attrelid = t1.oid
JOIN pg_attribute a2 ON a2.attnum = c.confkey[1] AND a2.attrelid = t2.oid
JOIN pg_namespace t3 ON c.connamespace = t3.oid
WHERE c.contype = 'f'
  AND t1.relname = 'questions'
  AND t3.nspname = ANY (current_schemas(false))
ORDER BY c.conname

  [1m[36m (6.3ms)[0m  [1mSELECT t2.oid::regclass::text AS to_table, a1.attname AS column, a2.attname AS primary_key, c.conname AS name, c.confupdtype AS on_update, c.confdeltype AS on_delete
FROM pg_constraint c
JOIN pg_class t1 ON c.conrelid = t1.oid
JOIN pg_class t2 ON c.confrelid = t2.oid
JOIN pg_attribute a1 ON a1.attnum = c.conkey[1] AND a1.attrelid = t1.oid
JOIN pg_attribute a2 ON a2.attnum = c.confkey[1] AND a2.attrelid = t2.oid
JOIN pg_namespace t3 ON c.connamespace = t3.oid
WHERE c.contype = 'f'
  AND t1.relname = 'users'
  AND t3.nspname = ANY (current_schemas(false))
ORDER BY c.conname
[0m
  [1m[36mActiveRecord::SchemaMigration Load (0.5ms)[0m  [1mSELECT "schema_migrations".* FROM "schema_migrations"[0m
  [1m[35mActiveRecord::SchemaMigration Load (0.2ms)[0m  SELECT "schema_migrations".* FROM "schema_migrations"
Migrating to CreateAnswerChoices (20160929185904)
  [1m[36m (0.1ms)[0m  [1mBEGIN[0m
  [1m[35m (1.2ms)[0m  DROP INDEX "index_answer_choices_on_question_id"
  [1m[36m (1.4ms)[0m  [1mDROP TABLE "answer_choices"[0m
  [1m[35mSQL (0.4ms)[0m  DELETE FROM "schema_migrations" WHERE "schema_migrations"."version" = $1  [["version", "20160929185904"]]
  [1m[36m (1.6ms)[0m  [1mCOMMIT[0m
  [1m[35mActiveRecord::SchemaMigration Load (0.3ms)[0m  SELECT "schema_migrations".* FROM "schema_migrations"
  [1m[36m (4.4ms)[0m  [1mSELECT t2.oid::regclass::text AS to_table, a1.attname AS column, a2.attname AS primary_key, c.conname AS name, c.confupdtype AS on_update, c.confdeltype AS on_delete
FROM pg_constraint c
JOIN pg_class t1 ON c.conrelid = t1.oid
JOIN pg_class t2 ON c.confrelid = t2.oid
JOIN pg_attribute a1 ON a1.attnum = c.conkey[1] AND a1.attrelid = t1.oid
JOIN pg_attribute a2 ON a2.attnum = c.confkey[1] AND a2.attrelid = t2.oid
JOIN pg_namespace t3 ON c.connamespace = t3.oid
WHERE c.contype = 'f'
  AND t1.relname = 'polls'
  AND t3.nspname = ANY (current_schemas(false))
ORDER BY c.conname
[0m
  [1m[35m (3.7ms)[0m  SELECT t2.oid::regclass::text AS to_table, a1.attname AS column, a2.attname AS primary_key, c.conname AS name, c.confupdtype AS on_update, c.confdeltype AS on_delete
FROM pg_constraint c
JOIN pg_class t1 ON c.conrelid = t1.oid
JOIN pg_class t2 ON c.confrelid = t2.oid
JOIN pg_attribute a1 ON a1.attnum = c.conkey[1] AND a1.attrelid = t1.oid
JOIN pg_attribute a2 ON a2.attnum = c.confkey[1] AND a2.attrelid = t2.oid
JOIN pg_namespace t3 ON c.connamespace = t3.oid
WHERE c.contype = 'f'
  AND t1.relname = 'questions'
  AND t3.nspname = ANY (current_schemas(false))
ORDER BY c.conname

  [1m[36m (4.4ms)[0m  [1mSELECT t2.oid::regclass::text AS to_table, a1.attname AS column, a2.attname AS primary_key, c.conname AS name, c.confupdtype AS on_update, c.confdeltype AS on_delete
FROM pg_constraint c
JOIN pg_class t1 ON c.conrelid = t1.oid
JOIN pg_class t2 ON c.confrelid = t2.oid
JOIN pg_attribute a1 ON a1.attnum = c.conkey[1] AND a1.attrelid = t1.oid
JOIN pg_attribute a2 ON a2.attnum = c.confkey[1] AND a2.attrelid = t2.oid
JOIN pg_namespace t3 ON c.connamespace = t3.oid
WHERE c.contype = 'f'
  AND t1.relname = 'users'
  AND t3.nspname = ANY (current_schemas(false))
ORDER BY c.conname
[0m
  [1m[36mActiveRecord::SchemaMigration Load (0.5ms)[0m  [1mSELECT "schema_migrations".* FROM "schema_migrations"[0m
Migrating to CreateAnswerChoices (20160929185904)
  [1m[35m (0.2ms)[0m  BEGIN
  [1m[36m (20.5ms)[0m  [1mCREATE TABLE "answer_choices" ("id" serial primary key, "answer_text" character varying NOT NULL, "question_id" integer NOT NULL, "created_at" timestamp NOT NULL, "updated_at" timestamp NOT NULL) [0m
  [1m[35m (1.1ms)[0m  CREATE  INDEX  "index_answer_choices_on_question_id" ON "answer_choices"  ("question_id")
  [1m[36mSQL (0.9ms)[0m  [1mINSERT INTO "schema_migrations" ("version") VALUES ($1)[0m  [["version", "20160929185904"]]
  [1m[35m (0.8ms)[0m  COMMIT
Migrating to CreateResponses (20160929190245)
  [1m[36m (0.3ms)[0m  [1mBEGIN[0m
  [1m[35m (5.0ms)[0m  CREATE TABLE "responses" ("id" serial primary key, "user_id" integer NOT NULL, "answer_id" integer NOT NULL, "created_at" timestamp NOT NULL, "updated_at" timestamp NOT NULL) 
  [1m[36m (1.0ms)[0m  [1mCREATE  INDEX  "index_responses_on_user_id" ON "responses"  ("user_id")[0m
  [1m[35m (1.1ms)[0m  CREATE  INDEX  "index_responses_on_answer_id" ON "responses"  ("answer_id")
  [1m[36mSQL (0.2ms)[0m  [1mINSERT INTO "schema_migrations" ("version") VALUES ($1)[0m  [["version", "20160929190245"]]
  [1m[35m (0.6ms)[0m  COMMIT
  [1m[36mActiveRecord::SchemaMigration Load (0.3ms)[0m  [1mSELECT "schema_migrations".* FROM "schema_migrations"[0m
  [1m[35m (6.5ms)[0m  SELECT t2.oid::regclass::text AS to_table, a1.attname AS column, a2.attname AS primary_key, c.conname AS name, c.confupdtype AS on_update, c.confdeltype AS on_delete
FROM pg_constraint c
JOIN pg_class t1 ON c.conrelid = t1.oid
JOIN pg_class t2 ON c.confrelid = t2.oid
JOIN pg_attribute a1 ON a1.attnum = c.conkey[1] AND a1.attrelid = t1.oid
JOIN pg_attribute a2 ON a2.attnum = c.confkey[1] AND a2.attrelid = t2.oid
JOIN pg_namespace t3 ON c.connamespace = t3.oid
WHERE c.contype = 'f'
  AND t1.relname = 'answer_choices'
  AND t3.nspname = ANY (current_schemas(false))
ORDER BY c.conname

  [1m[36m (4.0ms)[0m  [1mSELECT t2.oid::regclass::text AS to_table, a1.attname AS column, a2.attname AS primary_key, c.conname AS name, c.confupdtype AS on_update, c.confdeltype AS on_delete
FROM pg_constraint c
JOIN pg_class t1 ON c.conrelid = t1.oid
JOIN pg_class t2 ON c.confrelid = t2.oid
JOIN pg_attribute a1 ON a1.attnum = c.conkey[1] AND a1.attrelid = t1.oid
JOIN pg_attribute a2 ON a2.attnum = c.confkey[1] AND a2.attrelid = t2.oid
JOIN pg_namespace t3 ON c.connamespace = t3.oid
WHERE c.contype = 'f'
  AND t1.relname = 'polls'
  AND t3.nspname = ANY (current_schemas(false))
ORDER BY c.conname
[0m
  [1m[35m (3.9ms)[0m  SELECT t2.oid::regclass::text AS to_table, a1.attname AS column, a2.attname AS primary_key, c.conname AS name, c.confupdtype AS on_update, c.confdeltype AS on_delete
FROM pg_constraint c
JOIN pg_class t1 ON c.conrelid = t1.oid
JOIN pg_class t2 ON c.confrelid = t2.oid
JOIN pg_attribute a1 ON a1.attnum = c.conkey[1] AND a1.attrelid = t1.oid
JOIN pg_attribute a2 ON a2.attnum = c.confkey[1] AND a2.attrelid = t2.oid
JOIN pg_namespace t3 ON c.connamespace = t3.oid
WHERE c.contype = 'f'
  AND t1.relname = 'questions'
  AND t3.nspname = ANY (current_schemas(false))
ORDER BY c.conname

  [1m[36m (4.0ms)[0m  [1mSELECT t2.oid::regclass::text AS to_table, a1.attname AS column, a2.attname AS primary_key, c.conname AS name, c.confupdtype AS on_update, c.confdeltype AS on_delete
FROM pg_constraint c
JOIN pg_class t1 ON c.conrelid = t1.oid
JOIN pg_class t2 ON c.confrelid = t2.oid
JOIN pg_attribute a1 ON a1.attnum = c.conkey[1] AND a1.attrelid = t1.oid
JOIN pg_attribute a2 ON a2.attnum = c.confkey[1] AND a2.attrelid = t2.oid
JOIN pg_namespace t3 ON c.connamespace = t3.oid
WHERE c.contype = 'f'
  AND t1.relname = 'responses'
  AND t3.nspname = ANY (current_schemas(false))
ORDER BY c.conname
[0m
  [1m[35m (3.7ms)[0m  SELECT t2.oid::regclass::text AS to_table, a1.attname AS column, a2.attname AS primary_key, c.conname AS name, c.confupdtype AS on_update, c.confdeltype AS on_delete
FROM pg_constraint c
JOIN pg_class t1 ON c.conrelid = t1.oid
JOIN pg_class t2 ON c.confrelid = t2.oid
JOIN pg_attribute a1 ON a1.attnum = c.conkey[1] AND a1.attrelid = t1.oid
JOIN pg_attribute a2 ON a2.attnum = c.confkey[1] AND a2.attrelid = t2.oid
JOIN pg_namespace t3 ON c.connamespace = t3.oid
WHERE c.contype = 'f'
  AND t1.relname = 'users'
  AND t3.nspname = ANY (current_schemas(false))
ORDER BY c.conname

  [1m[36mActiveRecord::SchemaMigration Load (0.5ms)[0m  [1mSELECT "schema_migrations".* FROM "schema_migrations"[0m
  [1m[36mActiveRecord::SchemaMigration Load (0.5ms)[0m  [1mSELECT "schema_migrations".* FROM "schema_migrations"[0m
  [1m[35m (0.2ms)[0m  BEGIN
  [1m[36mSQL (19.3ms)[0m  [1mINSERT INTO "users" ("user_name", "created_at", "updated_at") VALUES ($1, $2, $3) RETURNING "id"[0m  [["user_name", "Robert E. Lee"], ["created_at", "2016-09-29 20:42:42.983194"], ["updated_at", "2016-09-29 20:42:42.983194"]]
  [1m[35m (0.5ms)[0m  COMMIT
  [1m[36m (0.1ms)[0m  [1mBEGIN[0m
  [1m[35mSQL (0.3ms)[0m  INSERT INTO "users" ("user_name", "created_at", "updated_at") VALUES ($1, $2, $3) RETURNING "id"  [["user_name", "Ulysses S. Grant"], ["created_at", "2016-09-29 20:42:43.007349"], ["updated_at", "2016-09-29 20:42:43.007349"]]
  [1m[36m (0.5ms)[0m  [1mCOMMIT[0m
  [1m[35m (0.2ms)[0m  BEGIN
  [1m[36mSQL (20.1ms)[0m  [1mINSERT INTO "polls" ("title", "author_id", "created_at", "updated_at") VALUES ($1, $2, $3, $4) RETURNING "id"[0m  [["title", "History"], ["author_id", 2], ["created_at", "2016-09-29 20:42:43.048826"], ["updated_at", "2016-09-29 20:42:43.048826"]]
  [1m[35m (0.5ms)[0m  COMMIT
  [1m[36m (0.2ms)[0m  [1mBEGIN[0m
  [1m[35mSQL (26.5ms)[0m  INSERT INTO "questions" ("question_text", "poll_id", "created_at", "updated_at") VALUES ($1, $2, $3, $4) RETURNING "id"  [["question_text", "Who won the civil war?"], ["poll_id", 1], ["created_at", "2016-09-29 20:42:43.086491"], ["updated_at", "2016-09-29 20:42:43.086491"]]
  [1m[36m (0.4ms)[0m  [1mCOMMIT[0m
  [1m[35m (0.2ms)[0m  BEGIN
  [1m[36mSQL (11.7ms)[0m  [1mINSERT INTO "answer_choices" ("answer_text", "question_id", "created_at", "updated_at") VALUES ($1, $2, $3, $4) RETURNING "id"[0m  [["answer_text", "The South"], ["question_id", 1], ["created_at", "2016-09-29 20:42:43.138475"], ["updated_at", "2016-09-29 20:42:43.138475"]]
  [1m[35m (0.5ms)[0m  COMMIT
  [1m[36m (0.2ms)[0m  [1mBEGIN[0m
  [1m[35mSQL (0.3ms)[0m  INSERT INTO "answer_choices" ("answer_text", "question_id", "created_at", "updated_at") VALUES ($1, $2, $3, $4) RETURNING "id"  [["answer_text", "The North"], ["question_id", 1], ["created_at", "2016-09-29 20:42:43.152762"], ["updated_at", "2016-09-29 20:42:43.152762"]]
  [1m[36m (0.5ms)[0m  [1mCOMMIT[0m
  [1m[35m (0.2ms)[0m  BEGIN
  [1m[36mSQL (1.5ms)[0m  [1mINSERT INTO "responses" ("user_id", "answer_id", "created_at", "updated_at") VALUES ($1, $2, $3, $4) RETURNING "id"[0m  [["user_id", 2], ["answer_id", 1], ["created_at", "2016-09-29 20:42:43.186247"], ["updated_at", "2016-09-29 20:42:43.186247"]]
  [1m[35m (0.4ms)[0m  COMMIT
  [1m[36mUser Load (0.8ms)[0m  [1mSELECT "users".* FROM "users"[0m
  [1m[36mResponse Load (0.8ms)[0m  [1mSELECT "responses".* FROM "responses"[0m
  [1m[36mActiveRecord::SchemaMigration Load (0.5ms)[0m  [1mSELECT "schema_migrations".* FROM "schema_migrations"[0m
  [1m[35m (0.2ms)[0m  BEGIN
  [1m[36mUser Exists (16.6ms)[0m  [1mSELECT  1 AS one FROM "users" WHERE "users"."user_name" = 'Robert E. Lee' LIMIT 1[0m
  [1m[35m (0.2ms)[0m  ROLLBACK
  [1m[36m (5098.0ms)[0m  [1mDROP DATABASE IF EXISTS "PollApp_development"[0m
  [1m[35m (133.4ms)[0m  DROP DATABASE IF EXISTS "PollApp_test"
  [1m[36m (0.6ms)[0m  [1mCREATE DATABASE "PollApp_development" ENCODING = 'unicode'[0m
  [1m[35m (598.7ms)[0m  CREATE DATABASE "PollApp_test" ENCODING = 'unicode'
  [1m[36mSQL (11.0ms)[0m  [1mCREATE EXTENSION IF NOT EXISTS "plpgsql"[0m
  [1m[35m (10.1ms)[0m  DROP TABLE "answer_choices" CASCADE
  [1m[36m (20.3ms)[0m  [1mCREATE TABLE "answer_choices" ("id" serial primary key, "answer_text" character varying NOT NULL, "question_id" integer NOT NULL, "created_at" timestamp NOT NULL, "updated_at" timestamp NOT NULL) [0m
  [1m[35m (1.4ms)[0m  CREATE  INDEX  "index_answer_choices_on_question_id" ON "answer_choices" USING btree ("question_id")
  [1m[36m (3.2ms)[0m  [1mDROP TABLE "polls" CASCADE[0m
  [1m[35m (4.4ms)[0m  CREATE TABLE "polls" ("id" serial primary key, "title" character varying NOT NULL, "author_id" integer NOT NULL, "created_at" timestamp NOT NULL, "updated_at" timestamp NOT NULL) 
  [1m[36m (1.5ms)[0m  [1mCREATE  INDEX  "index_polls_on_author_id" ON "polls" USING btree ("author_id")[0m
  [1m[35m (2.5ms)[0m  CREATE UNIQUE INDEX  "index_polls_on_title" ON "polls" USING btree ("title")
  [1m[36m (2.4ms)[0m  [1mDROP TABLE "questions" CASCADE[0m
  [1m[35m (4.9ms)[0m  CREATE TABLE "questions" ("id" serial primary key, "question_text" character varying NOT NULL, "poll_id" integer NOT NULL, "created_at" timestamp NOT NULL, "updated_at" timestamp NOT NULL) 
  [1m[36m (2.7ms)[0m  [1mCREATE  INDEX  "index_questions_on_poll_id" ON "questions" USING btree ("poll_id")[0m
  [1m[35m (2.0ms)[0m  DROP TABLE "responses" CASCADE
  [1m[36m (3.5ms)[0m  [1mCREATE TABLE "responses" ("id" serial primary key, "user_id" integer NOT NULL, "answer_id" integer NOT NULL, "created_at" timestamp NOT NULL, "updated_at" timestamp NOT NULL) [0m
  [1m[35m (1.4ms)[0m  CREATE  INDEX  "index_responses_on_answer_id" ON "responses" USING btree ("answer_id")
  [1m[36m (1.4ms)[0m  [1mCREATE  INDEX  "index_responses_on_user_id" ON "responses" USING btree ("user_id")[0m
  [1m[35m (2.5ms)[0m  DROP TABLE "users" CASCADE
  [1m[36m (4.3ms)[0m  [1mCREATE TABLE "users" ("id" serial primary key, "user_name" character varying NOT NULL, "created_at" timestamp NOT NULL, "updated_at" timestamp NOT NULL) [0m
  [1m[35m (1.3ms)[0m  CREATE UNIQUE INDEX  "index_users_on_user_name" ON "users" USING btree ("user_name")
  [1m[36m (0.5ms)[0m  [1mSELECT version FROM "schema_migrations"[0m
  [1m[35mSQL (0.4ms)[0m  CREATE EXTENSION IF NOT EXISTS "plpgsql"
  [1m[36m (7.3ms)[0m  [1mCREATE TABLE "answer_choices" ("id" serial primary key, "answer_text" character varying NOT NULL, "question_id" integer NOT NULL, "created_at" timestamp NOT NULL, "updated_at" timestamp NOT NULL) [0m
  [1m[35m (1.7ms)[0m  CREATE  INDEX  "index_answer_choices_on_question_id" ON "answer_choices" USING btree ("question_id")
  [1m[36m (6.5ms)[0m  [1mCREATE TABLE "polls" ("id" serial primary key, "title" character varying NOT NULL, "author_id" integer NOT NULL, "created_at" timestamp NOT NULL, "updated_at" timestamp NOT NULL) [0m
  [1m[35m (1.4ms)[0m  CREATE  INDEX  "index_polls_on_author_id" ON "polls" USING btree ("author_id")
  [1m[36m (1.8ms)[0m  [1mCREATE UNIQUE INDEX  "index_polls_on_title" ON "polls" USING btree ("title")[0m
  [1m[35m (4.2ms)[0m  CREATE TABLE "questions" ("id" serial primary key, "question_text" character varying NOT NULL, "poll_id" integer NOT NULL, "created_at" timestamp NOT NULL, "updated_at" timestamp NOT NULL) 
  [1m[36m (1.4ms)[0m  [1mCREATE  INDEX  "index_questions_on_poll_id" ON "questions" USING btree ("poll_id")[0m
  [1m[35m (2.9ms)[0m  CREATE TABLE "responses" ("id" serial primary key, "user_id" integer NOT NULL, "answer_id" integer NOT NULL, "created_at" timestamp NOT NULL, "updated_at" timestamp NOT NULL) 
  [1m[36m (1.5ms)[0m  [1mCREATE  INDEX  "index_responses_on_answer_id" ON "responses" USING btree ("answer_id")[0m
  [1m[35m (1.9ms)[0m  CREATE  INDEX  "index_responses_on_user_id" ON "responses" USING btree ("user_id")
  [1m[36m (4.4ms)[0m  [1mCREATE TABLE "users" ("id" serial primary key, "user_name" character varying NOT NULL, "created_at" timestamp NOT NULL, "updated_at" timestamp NOT NULL) [0m
  [1m[35m (1.4ms)[0m  CREATE UNIQUE INDEX  "index_users_on_user_name" ON "users" USING btree ("user_name")
  [1m[36m (4.8ms)[0m  [1mCREATE TABLE "schema_migrations" ("version" character varying NOT NULL) [0m
  [1m[35m (1.7ms)[0m  CREATE UNIQUE INDEX  "unique_schema_migrations" ON "schema_migrations"  ("version")
  [1m[36m (0.5ms)[0m  [1mSELECT version FROM "schema_migrations"[0m
  [1m[35m (0.6ms)[0m  INSERT INTO "schema_migrations" (version) VALUES ('20160929190245')
  [1m[36m (0.6ms)[0m  [1mINSERT INTO "schema_migrations" (version) VALUES ('20160929183815')[0m
  [1m[35m (0.6ms)[0m  INSERT INTO "schema_migrations" (version) VALUES ('20160929184101')
  [1m[36m (0.6ms)[0m  [1mINSERT INTO "schema_migrations" (version) VALUES ('20160929185403')[0m
  [1m[35m (0.6ms)[0m  INSERT INTO "schema_migrations" (version) VALUES ('20160929185904')
  [1m[36mActiveRecord::SchemaMigration Load (0.5ms)[0m  [1mSELECT "schema_migrations".* FROM "schema_migrations"[0m
  [1m[35m (0.2ms)[0m  BEGIN
  [1m[36mUser Exists (1.1ms)[0m  [1mSELECT  1 AS one FROM "users" WHERE "users"."user_name" = 'Robert E. Lee' LIMIT 1[0m
  [1m[35mSQL (0.5ms)[0m  INSERT INTO "users" ("user_name", "created_at", "updated_at") VALUES ($1, $2, $3) RETURNING "id"  [["user_name", "Robert E. Lee"], ["created_at", "2016-09-29 20:58:25.104957"], ["updated_at", "2016-09-29 20:58:25.104957"]]
  [1m[36m (0.5ms)[0m  [1mCOMMIT[0m
  [1m[35m (0.1ms)[0m  BEGIN
  [1m[36mUser Exists (0.4ms)[0m  [1mSELECT  1 AS one FROM "users" WHERE "users"."user_name" = 'Ulysses S. Grant' LIMIT 1[0m
  [1m[35mSQL (0.2ms)[0m  INSERT INTO "users" ("user_name", "created_at", "updated_at") VALUES ($1, $2, $3) RETURNING "id"  [["user_name", "Ulysses S. Grant"], ["created_at", "2016-09-29 20:58:25.109133"], ["updated_at", "2016-09-29 20:58:25.109133"]]
  [1m[36m (0.6ms)[0m  [1mCOMMIT[0m
  [1m[35m (0.1ms)[0m  BEGIN
  [1m[36mUser Exists (0.4ms)[0m  [1mSELECT  1 AS one FROM "users" WHERE "users"."user_name" = 'Abraham Lincoln' LIMIT 1[0m
  [1m[35mSQL (0.2ms)[0m  INSERT INTO "users" ("user_name", "created_at", "updated_at") VALUES ($1, $2, $3) RETURNING "id"  [["user_name", "Abraham Lincoln"], ["created_at", "2016-09-29 20:58:25.112302"], ["updated_at", "2016-09-29 20:58:25.112302"]]
  [1m[36m (0.5ms)[0m  [1mCOMMIT[0m
  [1m[35m (0.1ms)[0m  BEGIN
  [1m[36mSQL (0.7ms)[0m  [1mINSERT INTO "polls" ("title", "author_id", "created_at", "updated_at") VALUES ($1, $2, $3, $4) RETURNING "id"[0m  [["title", "History"], ["author_id", 2], ["created_at", "2016-09-29 20:58:25.171827"], ["updated_at", "2016-09-29 20:58:25.171827"]]
  [1m[35m (0.5ms)[0m  COMMIT
  [1m[36m (0.1ms)[0m  [1mBEGIN[0m
  [1m[35mSQL (0.6ms)[0m  INSERT INTO "questions" ("question_text", "poll_id", "created_at", "updated_at") VALUES ($1, $2, $3, $4) RETURNING "id"  [["question_text", "Who won the civil war?"], ["poll_id", 1], ["created_at", "2016-09-29 20:58:25.191704"], ["updated_at", "2016-09-29 20:58:25.191704"]]
  [1m[36m (0.5ms)[0m  [1mCOMMIT[0m
  [1m[35m (0.2ms)[0m  BEGIN
  [1m[36mSQL (0.6ms)[0m  [1mINSERT INTO "answer_choices" ("answer_text", "question_id", "created_at", "updated_at") VALUES ($1, $2, $3, $4) RETURNING "id"[0m  [["answer_text", "The South"], ["question_id", 1], ["created_at", "2016-09-29 20:58:25.204689"], ["updated_at", "2016-09-29 20:58:25.204689"]]
  [1m[35m (0.6ms)[0m  COMMIT
  [1m[36m (0.1ms)[0m  [1mBEGIN[0m
  [1m[35mSQL (0.3ms)[0m  INSERT INTO "answer_choices" ("answer_text", "question_id", "created_at", "updated_at") VALUES ($1, $2, $3, $4) RETURNING "id"  [["answer_text", "The North"], ["question_id", 1], ["created_at", "2016-09-29 20:58:25.207766"], ["updated_at", "2016-09-29 20:58:25.207766"]]
  [1m[36m (0.3ms)[0m  [1mCOMMIT[0m
  [1m[35m (0.2ms)[0m  BEGIN
  [1m[36mSQL (0.7ms)[0m  [1mINSERT INTO "responses" ("user_id", "answer_id", "created_at", "updated_at") VALUES ($1, $2, $3, $4) RETURNING "id"[0m  [["user_id", 2], ["answer_id", 1], ["created_at", "2016-09-29 20:58:25.217558"], ["updated_at", "2016-09-29 20:58:25.217558"]]
  [1m[35m (0.5ms)[0m  COMMIT
  [1m[36m (0.1ms)[0m  [1mBEGIN[0m
  [1m[35mSQL (0.3ms)[0m  INSERT INTO "responses" ("user_id", "answer_id", "created_at", "updated_at") VALUES ($1, $2, $3, $4) RETURNING "id"  [["user_id", 3], ["answer_id", 2], ["created_at", "2016-09-29 20:58:25.220624"], ["updated_at", "2016-09-29 20:58:25.220624"]]
  [1m[36m (0.5ms)[0m  [1mCOMMIT[0m
  [1m[36m (120.5ms)[0m  [1mDROP DATABASE IF EXISTS "PollApp_development"[0m
  [1m[35m (119.2ms)[0m  DROP DATABASE IF EXISTS "PollApp_test"
  [1m[36m (271.4ms)[0m  [1mCREATE DATABASE "PollApp_development" ENCODING = 'unicode'[0m
  [1m[35m (242.1ms)[0m  CREATE DATABASE "PollApp_test" ENCODING = 'unicode'
  [1m[36mSQL (0.4ms)[0m  [1mCREATE EXTENSION IF NOT EXISTS "plpgsql"[0m
  [1m[35m (6.9ms)[0m  CREATE TABLE "answer_choices" ("id" serial primary key, "answer_text" character varying NOT NULL, "question_id" integer NOT NULL, "created_at" timestamp NOT NULL, "updated_at" timestamp NOT NULL) 
  [1m[36m (1.4ms)[0m  [1mCREATE  INDEX  "index_answer_choices_on_question_id" ON "answer_choices" USING btree ("question_id")[0m
  [1m[35m (4.0ms)[0m  CREATE TABLE "polls" ("id" serial primary key, "title" character varying NOT NULL, "author_id" integer NOT NULL, "created_at" timestamp NOT NULL, "updated_at" timestamp NOT NULL) 
  [1m[36m (1.3ms)[0m  [1mCREATE  INDEX  "index_polls_on_author_id" ON "polls" USING btree ("author_id")[0m
  [1m[35m (1.5ms)[0m  CREATE UNIQUE INDEX  "index_polls_on_title" ON "polls" USING btree ("title")
  [1m[36m (4.3ms)[0m  [1mCREATE TABLE "questions" ("id" serial primary key, "question_text" character varying NOT NULL, "poll_id" integer NOT NULL, "created_at" timestamp NOT NULL, "updated_at" timestamp NOT NULL) [0m
  [1m[35m (1.6ms)[0m  CREATE  INDEX  "index_questions_on_poll_id" ON "questions" USING btree ("poll_id")
  [1m[36m (3.3ms)[0m  [1mCREATE TABLE "responses" ("id" serial primary key, "user_id" integer NOT NULL, "answer_id" integer NOT NULL, "created_at" timestamp NOT NULL, "updated_at" timestamp NOT NULL) [0m
  [1m[35m (1.2ms)[0m  CREATE  INDEX  "index_responses_on_answer_id" ON "responses" USING btree ("answer_id")
  [1m[36m (1.5ms)[0m  [1mCREATE  INDEX  "index_responses_on_user_id" ON "responses" USING btree ("user_id")[0m
  [1m[35m (4.1ms)[0m  CREATE TABLE "users" ("id" serial primary key, "user_name" character varying NOT NULL, "created_at" timestamp NOT NULL, "updated_at" timestamp NOT NULL) 
  [1m[36m (1.5ms)[0m  [1mCREATE UNIQUE INDEX  "index_users_on_user_name" ON "users" USING btree ("user_name")[0m
  [1m[35m (2.4ms)[0m  CREATE TABLE "schema_migrations" ("version" character varying NOT NULL) 
  [1m[36m (1.5ms)[0m  [1mCREATE UNIQUE INDEX  "unique_schema_migrations" ON "schema_migrations"  ("version")[0m
  [1m[35m (0.5ms)[0m  SELECT version FROM "schema_migrations"
  [1m[36m (0.6ms)[0m  [1mINSERT INTO "schema_migrations" (version) VALUES ('20160929190245')[0m
  [1m[35m (0.8ms)[0m  INSERT INTO "schema_migrations" (version) VALUES ('20160929183815')
  [1m[36m (0.6ms)[0m  [1mINSERT INTO "schema_migrations" (version) VALUES ('20160929184101')[0m
  [1m[35m (0.6ms)[0m  INSERT INTO "schema_migrations" (version) VALUES ('20160929185403')
  [1m[36m (0.6ms)[0m  [1mINSERT INTO "schema_migrations" (version) VALUES ('20160929185904')[0m
  [1m[35mSQL (0.4ms)[0m  CREATE EXTENSION IF NOT EXISTS "plpgsql"
  [1m[36m (6.7ms)[0m  [1mCREATE TABLE "answer_choices" ("id" serial primary key, "answer_text" character varying NOT NULL, "question_id" integer NOT NULL, "created_at" timestamp NOT NULL, "updated_at" timestamp NOT NULL) [0m
  [1m[35m (1.5ms)[0m  CREATE  INDEX  "index_answer_choices_on_question_id" ON "answer_choices" USING btree ("question_id")
  [1m[36m (4.5ms)[0m  [1mCREATE TABLE "polls" ("id" serial primary key, "title" character varying NOT NULL, "author_id" integer NOT NULL, "created_at" timestamp NOT NULL, "updated_at" timestamp NOT NULL) [0m
  [1m[35m (1.5ms)[0m  CREATE  INDEX  "index_polls_on_author_id" ON "polls" USING btree ("author_id")
  [1m[36m (1.7ms)[0m  [1mCREATE UNIQUE INDEX  "index_polls_on_title" ON "polls" USING btree ("title")[0m
  [1m[35m (4.2ms)[0m  CREATE TABLE "questions" ("id" serial primary key, "question_text" character varying NOT NULL, "poll_id" integer NOT NULL, "created_at" timestamp NOT NULL, "updated_at" timestamp NOT NULL) 
  [1m[36m (1.4ms)[0m  [1mCREATE  INDEX  "index_questions_on_poll_id" ON "questions" USING btree ("poll_id")[0m
  [1m[35m (3.0ms)[0m  CREATE TABLE "responses" ("id" serial primary key, "user_id" integer NOT NULL, "answer_id" integer NOT NULL, "created_at" timestamp NOT NULL, "updated_at" timestamp NOT NULL) 
  [1m[36m (1.4ms)[0m  [1mCREATE  INDEX  "index_responses_on_answer_id" ON "responses" USING btree ("answer_id")[0m
  [1m[35m (1.4ms)[0m  CREATE  INDEX  "index_responses_on_user_id" ON "responses" USING btree ("user_id")
  [1m[36m (4.2ms)[0m  [1mCREATE TABLE "users" ("id" serial primary key, "user_name" character varying NOT NULL, "created_at" timestamp NOT NULL, "updated_at" timestamp NOT NULL) [0m
  [1m[35m (1.4ms)[0m  CREATE UNIQUE INDEX  "index_users_on_user_name" ON "users" USING btree ("user_name")
  [1m[36m (2.3ms)[0m  [1mCREATE TABLE "schema_migrations" ("version" character varying NOT NULL) [0m
  [1m[35m (1.5ms)[0m  CREATE UNIQUE INDEX  "unique_schema_migrations" ON "schema_migrations"  ("version")
  [1m[36m (0.5ms)[0m  [1mSELECT version FROM "schema_migrations"[0m
  [1m[35m (1.2ms)[0m  INSERT INTO "schema_migrations" (version) VALUES ('20160929190245')
  [1m[36m (0.6ms)[0m  [1mINSERT INTO "schema_migrations" (version) VALUES ('20160929183815')[0m
  [1m[35m (1.0ms)[0m  INSERT INTO "schema_migrations" (version) VALUES ('20160929184101')
  [1m[36m (1.4ms)[0m  [1mINSERT INTO "schema_migrations" (version) VALUES ('20160929185403')[0m
  [1m[35m (0.6ms)[0m  INSERT INTO "schema_migrations" (version) VALUES ('20160929185904')
  [1m[36mActiveRecord::SchemaMigration Load (0.4ms)[0m  [1mSELECT "schema_migrations".* FROM "schema_migrations"[0m
  [1m[35m (0.2ms)[0m  BEGIN
  [1m[36mUser Exists (1.2ms)[0m  [1mSELECT  1 AS one FROM "users" WHERE "users"."user_name" = 'Robert E. Lee' LIMIT 1[0m
  [1m[35mSQL (0.6ms)[0m  INSERT INTO "users" ("user_name", "created_at", "updated_at") VALUES ($1, $2, $3) RETURNING "id"  [["user_name", "Robert E. Lee"], ["created_at", "2016-09-29 20:58:51.076987"], ["updated_at", "2016-09-29 20:58:51.076987"]]
  [1m[36m (0.5ms)[0m  [1mCOMMIT[0m
  [1m[35m (0.1ms)[0m  BEGIN
  [1m[36mUser Exists (0.6ms)[0m  [1mSELECT  1 AS one FROM "users" WHERE "users"."user_name" = 'Ulysses S. Grant' LIMIT 1[0m
  [1m[35mSQL (0.3ms)[0m  INSERT INTO "users" ("user_name", "created_at", "updated_at") VALUES ($1, $2, $3) RETURNING "id"  [["user_name", "Ulysses S. Grant"], ["created_at", "2016-09-29 20:58:51.083909"], ["updated_at", "2016-09-29 20:58:51.083909"]]
  [1m[36m (0.5ms)[0m  [1mCOMMIT[0m
  [1m[35m (0.1ms)[0m  BEGIN
  [1m[36mUser Exists (0.4ms)[0m  [1mSELECT  1 AS one FROM "users" WHERE "users"."user_name" = 'Abraham Lincoln' LIMIT 1[0m
  [1m[35mSQL (0.2ms)[0m  INSERT INTO "users" ("user_name", "created_at", "updated_at") VALUES ($1, $2, $3) RETURNING "id"  [["user_name", "Abraham Lincoln"], ["created_at", "2016-09-29 20:58:51.087019"], ["updated_at", "2016-09-29 20:58:51.087019"]]
  [1m[36m (0.5ms)[0m  [1mCOMMIT[0m
  [1m[35m (0.1ms)[0m  BEGIN
  [1m[36mSQL (0.6ms)[0m  [1mINSERT INTO "polls" ("title", "author_id", "created_at", "updated_at") VALUES ($1, $2, $3, $4) RETURNING "id"[0m  [["title", "History"], ["author_id", 2], ["created_at", "2016-09-29 20:58:51.098436"], ["updated_at", "2016-09-29 20:58:51.098436"]]
  [1m[35m (0.5ms)[0m  COMMIT
  [1m[36m (0.1ms)[0m  [1mBEGIN[0m
  [1m[35mSQL (0.6ms)[0m  INSERT INTO "questions" ("question_text", "poll_id", "created_at", "updated_at") VALUES ($1, $2, $3, $4) RETURNING "id"  [["question_text", "Who won the civil war?"], ["poll_id", 1], ["created_at", "2016-09-29 20:58:51.108794"], ["updated_at", "2016-09-29 20:58:51.108794"]]
  [1m[36m (0.5ms)[0m  [1mCOMMIT[0m
  [1m[35m (0.1ms)[0m  BEGIN
  [1m[36mSQL (0.6ms)[0m  [1mINSERT INTO "answer_choices" ("answer_text", "question_id", "created_at", "updated_at") VALUES ($1, $2, $3, $4) RETURNING "id"[0m  [["answer_text", "The South"], ["question_id", 1], ["created_at", "2016-09-29 20:58:51.118379"], ["updated_at", "2016-09-29 20:58:51.118379"]]
  [1m[35m (0.5ms)[0m  COMMIT
  [1m[36m (0.1ms)[0m  [1mBEGIN[0m
  [1m[35mSQL (0.3ms)[0m  INSERT INTO "answer_choices" ("answer_text", "question_id", "created_at", "updated_at") VALUES ($1, $2, $3, $4) RETURNING "id"  [["answer_text", "The North"], ["question_id", 1], ["created_at", "2016-09-29 20:58:51.121324"], ["updated_at", "2016-09-29 20:58:51.121324"]]
  [1m[36m (0.5ms)[0m  [1mCOMMIT[0m
  [1m[35m (0.2ms)[0m  BEGIN
  [1m[36mSQL (0.6ms)[0m  [1mINSERT INTO "responses" ("user_id", "answer_id", "created_at", "updated_at") VALUES ($1, $2, $3, $4) RETURNING "id"[0m  [["user_id", 2], ["answer_id", 1], ["created_at", "2016-09-29 20:58:51.131022"], ["updated_at", "2016-09-29 20:58:51.131022"]]
  [1m[35m (0.5ms)[0m  COMMIT
  [1m[36m (0.1ms)[0m  [1mBEGIN[0m
  [1m[35mSQL (0.3ms)[0m  INSERT INTO "responses" ("user_id", "answer_id", "created_at", "updated_at") VALUES ($1, $2, $3, $4) RETURNING "id"  [["user_id", 3], ["answer_id", 2], ["created_at", "2016-09-29 20:58:51.133958"], ["updated_at", "2016-09-29 20:58:51.133958"]]
  [1m[36m (0.5ms)[0m  [1mCOMMIT[0m
  [1m[36mResponse Load (1.1ms)[0m  [1mSELECT  "responses".* FROM "responses"  ORDER BY "responses"."id" ASC LIMIT 1[0m
  [1m[35mQuestion Load (0.9ms)[0m  SELECT  "questions".* FROM "questions" INNER JOIN "answer_choices" ON "questions"."id" = "answer_choices"."question_id" WHERE "answer_choices"."id" = $1 LIMIT 1  [["id", 1]]
  [1m[36mResponse Load (0.3ms)[0m  [1mSELECT  "responses".* FROM "responses"  ORDER BY "responses"."id" ASC LIMIT 1[0m
  [1m[35mResponse Load (0.6ms)[0m  SELECT  "responses".* FROM "responses"  ORDER BY "responses"."id" ASC LIMIT 1
  [1m[36mResponse Load (0.5ms)[0m  [1mSELECT  "responses".* FROM "responses"  ORDER BY "responses"."id" ASC LIMIT 1[0m
  [1m[35mQuestion Load (0.4ms)[0m  SELECT  "questions".* FROM "questions"  ORDER BY "questions"."id" ASC LIMIT 1
  [1m[36mResponse Load (0.5ms)[0m  [1mSELECT "responses".* FROM "responses" INNER JOIN "answer_choices" ON "responses"."answer_id" = "answer_choices"."id" WHERE "answer_choices"."question_id" = $1[0m  [["question_id", 1]]
  [1m[35mAnswerChoice Load (0.4ms)[0m  SELECT  "answer_choices".* FROM "answer_choices"  ORDER BY "answer_choices"."id" ASC LIMIT 1
  [1m[36mQuestion Load (0.4ms)[0m  [1mSELECT  "questions".* FROM "questions" WHERE "questions"."id" = $1 LIMIT 1[0m  [["id", 1]]
  [1m[35mQuestion Load (0.3ms)[0m  SELECT  "questions".* FROM "questions"  ORDER BY "questions"."id" ASC LIMIT 1
  [1m[36mResponse Load (0.5ms)[0m  [1mSELECT  "responses".* FROM "responses"  ORDER BY "responses"."id" ASC LIMIT 1[0m
  [1m[35mResponse Load (0.3ms)[0m  SELECT  "responses".* FROM "responses"  ORDER BY "responses"."id" ASC LIMIT 1
  [1m[36mQuestion Load (0.5ms)[0m  [1mSELECT  "questions".* FROM "questions" INNER JOIN "answer_choices" ON "questions"."id" = "answer_choices"."question_id" WHERE "answer_choices"."id" = $1 LIMIT 1[0m  [["id", 1]]
  [1m[36mResponse Load (47.3ms)[0m  [1mSELECT  "responses".* FROM "responses"  ORDER BY "responses"."id" ASC LIMIT 1[0m
  [1m[35mQuestion Load (21.1ms)[0m  SELECT  "questions".* FROM "questions" INNER JOIN "answer_choices" ON "questions"."id" = "answer_choices"."question_id" WHERE "answer_choices"."id" = $1 LIMIT 1  [["id", 1]]
  [1m[36mResponse Load (0.8ms)[0m  [1mSELECT "responses".* FROM "responses" INNER JOIN "answer_choices" ON "responses"."answer_id" = "answer_choices"."id" WHERE "answer_choices"."question_id" = $1[0m  [["question_id", 1]]
  [1m[35m (0.2ms)[0m  BEGIN
  [1m[36mUser Exists (40.4ms)[0m  [1mSELECT  1 AS one FROM "users" WHERE "users"."user_name" = 'Stonewall Jackson' LIMIT 1[0m
  [1m[35mSQL (1.4ms)[0m  INSERT INTO "users" ("user_name", "created_at", "updated_at") VALUES ($1, $2, $3) RETURNING "id"  [["user_name", "Stonewall Jackson"], ["created_at", "2016-09-29 21:25:53.581379"], ["updated_at", "2016-09-29 21:25:53.581379"]]
  [1m[36m (0.5ms)[0m  [1mCOMMIT[0m
  [1m[35m (0.2ms)[0m  BEGIN
  [1m[36mUser Exists (0.5ms)[0m  [1mSELECT  1 AS one FROM "users" WHERE ("users"."user_name" = 'Stonewall Jackson' AND "users"."id" != 4) LIMIT 1[0m
  [1m[35m (0.2ms)[0m  COMMIT
  [1m[36m (0.2ms)[0m  [1mBEGIN[0m
  [1m[35mSQL (20.3ms)[0m  INSERT INTO "responses" ("user_id", "answer_id", "created_at", "updated_at") VALUES ($1, $2, $3, $4) RETURNING "id"  [["user_id", 4], ["answer_id", 1], ["created_at", "2016-09-29 21:26:47.708391"], ["updated_at", "2016-09-29 21:26:47.708391"]]
  [1m[36m (0.5ms)[0m  [1mCOMMIT[0m
  [1m[35mResponse Load (0.4ms)[0m  SELECT "responses".* FROM "responses"
  [1m[36mUser Load (0.4ms)[0m  [1mSELECT "users".* FROM "users"[0m
  [1m[35m (0.2ms)[0m  BEGIN
  [1m[36mUser Exists (0.4ms)[0m  [1mSELECT  1 AS one FROM "users" WHERE "users"."user_name" = 'McKenzie Davis' LIMIT 1[0m
  [1m[35mSQL (0.3ms)[0m  INSERT INTO "users" ("user_name", "created_at", "updated_at") VALUES ($1, $2, $3) RETURNING "id"  [["user_name", "McKenzie Davis"], ["created_at", "2016-09-29 21:28:47.538042"], ["updated_at", "2016-09-29 21:28:47.538042"]]
  [1m[36m (71.5ms)[0m  [1mCOMMIT[0m
  [1m[35mUser Load (0.4ms)[0m  SELECT "users".* FROM "users"
  [1m[36mResponse Load (0.4ms)[0m  [1mSELECT "responses".* FROM "responses"[0m
  [1m[35mResponse Load (0.5ms)[0m  SELECT  "responses".* FROM "responses"  ORDER BY "responses"."id" DESC LIMIT 1
  [1m[36mQuestion Load (0.5ms)[0m  [1mSELECT  "questions".* FROM "questions" INNER JOIN "answer_choices" ON "questions"."id" = "answer_choices"."question_id" WHERE "answer_choices"."id" = $1 LIMIT 1[0m  [["id", 1]]
  [1m[35mResponse Load (0.6ms)[0m  SELECT "responses".* FROM "responses" INNER JOIN "answer_choices" ON "responses"."answer_id" = "answer_choices"."id" WHERE "answer_choices"."question_id" = $1  [["question_id", 1]]
  [1m[36mQuestion Load (0.6ms)[0m  [1mSELECT  "questions".* FROM "questions" INNER JOIN "answer_choices" ON "questions"."id" = "answer_choices"."question_id" WHERE "answer_choices"."id" = $1 LIMIT 1[0m  [["id", 1]]
  [1m[35mResponse Load (0.5ms)[0m  SELECT "responses".* FROM "responses" INNER JOIN "answer_choices" ON "responses"."answer_id" = "answer_choices"."id" WHERE "answer_choices"."question_id" = $1  [["question_id", 1]]
  [1m[36mResponse Load (0.3ms)[0m  [1mSELECT  "responses".* FROM "responses"  ORDER BY "responses"."id" ASC LIMIT 1[0m
  [1m[35mQuestion Load (0.5ms)[0m  SELECT  "questions".* FROM "questions" INNER JOIN "answer_choices" ON "questions"."id" = "answer_choices"."question_id" WHERE "answer_choices"."id" = $1 LIMIT 1  [["id", 1]]
  [1m[36mResponse Load (0.5ms)[0m  [1mSELECT "responses".* FROM "responses" INNER JOIN "answer_choices" ON "responses"."answer_id" = "answer_choices"."id" WHERE "answer_choices"."question_id" = $1 AND ("responses"."id" != $2)[0m  [["question_id", 1], ["id", 1]]
  [1m[35mResponse Load (0.3ms)[0m  SELECT  "responses".* FROM "responses"  ORDER BY "responses"."id" ASC LIMIT 1
  [1m[36mQuestion Load (0.5ms)[0m  [1mSELECT  "questions".* FROM "questions" INNER JOIN "answer_choices" ON "questions"."id" = "answer_choices"."question_id" WHERE "answer_choices"."id" = $1 LIMIT 1[0m  [["id", 1]]
  [1m[35mResponse Exists (0.5ms)[0m  SELECT  1 AS one FROM "responses" INNER JOIN "answer_choices" ON "responses"."answer_id" = "answer_choices"."id" WHERE "answer_choices"."question_id" = $1 AND ("responses"."id" != $2) AND "responses"."user_id" = $3 LIMIT 1  [["question_id", 1], ["id", 1], ["user_id", 2]]
  [1m[36m (0.2ms)[0m  [1mBEGIN[0m
  [1m[35mSQL (0.3ms)[0m  INSERT INTO "responses" ("user_id", "answer_id", "created_at", "updated_at") VALUES ($1, $2, $3, $4) RETURNING "id"  [["user_id", 3], ["answer_id", 1], ["created_at", "2016-09-29 21:40:54.368791"], ["updated_at", "2016-09-29 21:40:54.368791"]]
  [1m[36m (0.6ms)[0m  [1mCOMMIT[0m
  [1m[35mResponse Load (0.5ms)[0m  SELECT  "responses".* FROM "responses"  ORDER BY "responses"."id" DESC LIMIT 1
  [1m[36mQuestion Load (0.5ms)[0m  [1mSELECT  "questions".* FROM "questions" INNER JOIN "answer_choices" ON "questions"."id" = "answer_choices"."question_id" WHERE "answer_choices"."id" = $1 LIMIT 1[0m  [["id", 1]]
  [1m[35mResponse Exists (0.6ms)[0m  SELECT  1 AS one FROM "responses" INNER JOIN "answer_choices" ON "responses"."answer_id" = "answer_choices"."id" WHERE "answer_choices"."question_id" = $1 AND ("responses"."id" != $2) AND "responses"."user_id" = $3 LIMIT 1  [["question_id", 1], ["id", 4], ["user_id", 3]]
  [1m[36m (0.2ms)[0m  [1mBEGIN[0m
  [1m[35mSQL (0.3ms)[0m  INSERT INTO "responses" ("user_id", "answer_id", "created_at", "updated_at") VALUES ($1, $2, $3, $4) RETURNING "id"  [["user_id", 2], ["answer_id", 2], ["created_at", "2016-09-29 21:51:05.949163"], ["updated_at", "2016-09-29 21:51:05.949163"]]
  [1m[36m (0.6ms)[0m  [1mCOMMIT[0m
  [1m[35mResponse Load (0.5ms)[0m  SELECT  "responses".* FROM "responses"  ORDER BY "responses"."id" DESC LIMIT 1
  [1m[36mResponse Load (0.3ms)[0m  [1mSELECT  "responses".* FROM "responses"  ORDER BY "responses"."id" DESC LIMIT 1[0m
  [1m[35mQuestion Load (0.2ms)[0m  SELECT  "questions".* FROM "questions" INNER JOIN "answer_choices" ON "questions"."id" = "answer_choices"."question_id" WHERE "answer_choices"."id" = $1 LIMIT 1  [["id", 2]]
  [1m[36mResponse Exists (0.6ms)[0m  [1mSELECT  1 AS one FROM "responses" INNER JOIN "answer_choices" ON "responses"."answer_id" = "answer_choices"."id" WHERE "answer_choices"."question_id" = $1 AND ("responses"."id" != $2) AND "responses"."user_id" = $3 LIMIT 1[0m  [["question_id", 1], ["id", 5], ["user_id", 2]]
  [1m[35mResponse Load (0.3ms)[0m  SELECT  "responses".* FROM "responses"  ORDER BY "responses"."id" DESC LIMIT 1
  [1m[36mQuestion Load (0.2ms)[0m  [1mSELECT  "questions".* FROM "questions" INNER JOIN "answer_choices" ON "questions"."id" = "answer_choices"."question_id" WHERE "answer_choices"."id" = $1 LIMIT 1[0m  [["id", 2]]
  [1m[35mResponse Exists (0.6ms)[0m  SELECT  1 AS one FROM "responses" INNER JOIN "answer_choices" ON "responses"."answer_id" = "answer_choices"."id" WHERE "answer_choices"."question_id" = $1 AND ("responses"."id" != $2) AND "responses"."user_id" = $3 LIMIT 1  [["question_id", 1], ["id", 5], ["user_id", 2]]
  [1m[36mResponse Load (0.4ms)[0m  [1mSELECT "responses".* FROM "responses"[0m
  [1m[35mResponse Load (0.5ms)[0m  SELECT  "responses".* FROM "responses"  ORDER BY "responses"."id" DESC LIMIT 1
  [1m[36mQuestion Load (0.3ms)[0m  [1mSELECT  "questions".* FROM "questions" INNER JOIN "answer_choices" ON "questions"."id" = "answer_choices"."question_id" WHERE "answer_choices"."id" = $1 LIMIT 1[0m  [["id", 2]]
  [1m[35mResponse Exists (0.6ms)[0m  SELECT  1 AS one FROM "responses" INNER JOIN "answer_choices" ON "responses"."answer_id" = "answer_choices"."id" WHERE "answer_choices"."question_id" = $1 AND ("responses"."id" != $2) AND "responses"."user_id" = $3 LIMIT 1  [["question_id", 1], ["id", 5], ["user_id", 2]]
  [1m[36mResponse Load (0.5ms)[0m  [1mSELECT  "responses".* FROM "responses"  ORDER BY "responses"."id" DESC LIMIT 1[0m
  [1m[35mResponse Load (0.3ms)[0m  SELECT  "responses".* FROM "responses"  ORDER BY "responses"."id" DESC LIMIT 1
  [1m[36mResponse Load (0.4ms)[0m  [1mSELECT "responses".* FROM "responses"[0m
  [1m[35m (0.2ms)[0m  BEGIN
  [1m[36mQuestion Load (0.2ms)[0m  [1mSELECT  "questions".* FROM "questions" INNER JOIN "answer_choices" ON "questions"."id" = "answer_choices"."question_id" WHERE "answer_choices"."id" = $1 LIMIT 1[0m  [["id", 1]]
  [1m[35mResponse Exists (0.6ms)[0m  SELECT  1 AS one FROM "responses" INNER JOIN "answer_choices" ON "responses"."answer_id" = "answer_choices"."id" WHERE "answer_choices"."question_id" = $1 AND ("responses"."id" IS NOT NULL) AND "responses"."user_id" = $2 LIMIT 1  [["question_id", 1], ["user_id", 2]]
  [1m[36m (0.3ms)[0m  [1mROLLBACK[0m
  [1m[35mResponse Load (0.3ms)[0m  SELECT "responses".* FROM "responses"
  [1m[36m (0.2ms)[0m  [1mBEGIN[0m
  [1m[35mSQL (20.3ms)[0m  INSERT INTO "polls" ("title", "author_id", "created_at", "updated_at") VALUES ($1, $2, $3, $4) RETURNING "id"  [["title", "Programming"], ["author_id", 1], ["created_at", "2016-09-29 22:05:29.351844"], ["updated_at", "2016-09-29 22:05:29.351844"]]
  [1m[36m (0.4ms)[0m  [1mCOMMIT[0m
  [1m[35m (0.1ms)[0m  BEGIN
  [1m[36mSQL (0.9ms)[0m  [1mINSERT INTO "questions" ("question_text", "poll_id", "created_at", "updated_at") VALUES ($1, $2, $3, $4) RETURNING "id"[0m  [["question_text", "What is a gem?"], ["poll_id", 2], ["created_at", "2016-09-29 22:05:29.390059"], ["updated_at", "2016-09-29 22:05:29.390059"]]
  [1m[35m (0.5ms)[0m  COMMIT
  [1m[36m (0.2ms)[0m  [1mBEGIN[0m
  [1m[35mSQL (0.7ms)[0m  INSERT INTO "answer_choices" ("answer_text", "question_id", "created_at", "updated_at") VALUES ($1, $2, $3, $4) RETURNING "id"  [["answer_text", "A ruby library"], ["question_id", 2], ["created_at", "2016-09-29 22:05:31.053584"], ["updated_at", "2016-09-29 22:05:31.053584"]]
  [1m[36m (0.4ms)[0m  [1mCOMMIT[0m
  [1m[35m (0.2ms)[0m  BEGIN
  [1m[36mQuestion Load (0.3ms)[0m  [1mSELECT  "questions".* FROM "questions" INNER JOIN "answer_choices" ON "questions"."id" = "answer_choices"."question_id" WHERE "answer_choices"."id" = $1 LIMIT 1[0m  [["id", 3]]
  [1m[35mResponse Exists (0.6ms)[0m  SELECT  1 AS one FROM "responses" INNER JOIN "answer_choices" ON "responses"."answer_id" = "answer_choices"."id" WHERE "answer_choices"."question_id" = $1 AND ("responses"."id" IS NOT NULL) AND "responses"."user_id" = $2 LIMIT 1  [["question_id", 2], ["user_id", 1]]
  [1m[36mPoll Load (0.4ms)[0m  [1mSELECT  "polls".* FROM "polls" WHERE "polls"."id" = $1 LIMIT 1[0m  [["id", 2]]
  [1m[35m (0.2ms)[0m  ROLLBACK
  [1m[36mResponse Load (0.5ms)[0m  [1mSELECT  "responses".* FROM "responses"  ORDER BY "responses"."id" ASC LIMIT 1[0m
  [1m[35mQuestion Load (0.2ms)[0m  SELECT  "questions".* FROM "questions" INNER JOIN "answer_choices" ON "questions"."id" = "answer_choices"."question_id" WHERE "answer_choices"."id" = $1 LIMIT 1  [["id", 1]]
  [1m[36mPoll Load (0.3ms)[0m  [1mSELECT  "polls".* FROM "polls" WHERE "polls"."id" = $1 LIMIT 1[0m  [["id", 1]]
  [1m[35mResponse Load (0.5ms)[0m  SELECT  "responses".* FROM "responses"  ORDER BY "responses"."id" ASC LIMIT 1
  [1m[36mQuestion Load (0.2ms)[0m  [1mSELECT  "questions".* FROM "questions" INNER JOIN "answer_choices" ON "questions"."id" = "answer_choices"."question_id" WHERE "answer_choices"."id" = $1 LIMIT 1[0m  [["id", 1]]
  [1m[35mPoll Load (0.3ms)[0m  SELECT  "polls".* FROM "polls" WHERE "polls"."id" = $1 LIMIT 1  [["id", 1]]
  [1m[36mResponse Load (0.5ms)[0m  [1mSELECT  "responses".* FROM "responses"  ORDER BY "responses"."id" ASC LIMIT 1[0m
  [1m[35mQuestion Load (0.3ms)[0m  SELECT  "questions".* FROM "questions" INNER JOIN "answer_choices" ON "questions"."id" = "answer_choices"."question_id" WHERE "answer_choices"."id" = $1 LIMIT 1  [["id", 1]]
  [1m[36mPoll Load (0.3ms)[0m  [1mSELECT  "polls".* FROM "polls" WHERE "polls"."id" = $1 LIMIT 1[0m  [["id", 1]]
  [1m[35mResponse Load (0.4ms)[0m  SELECT  "responses".* FROM "responses"  ORDER BY "responses"."id" ASC LIMIT 1
  [1m[36mResponse Load (0.5ms)[0m  [1mSELECT  "responses".* FROM "responses"  ORDER BY "responses"."id" ASC LIMIT 1[0m
  [1m[35mQuestion Load (0.2ms)[0m  SELECT  "questions".* FROM "questions" INNER JOIN "answer_choices" ON "questions"."id" = "answer_choices"."question_id" WHERE "answer_choices"."id" = $1 LIMIT 1  [["id", 1]]
  [1m[36mResponse Load (0.5ms)[0m  [1mSELECT "responses".* FROM "responses" INNER JOIN "answer_choices" ON "responses"."answer_id" = "answer_choices"."id" WHERE "answer_choices"."question_id" = $1 AND ("responses"."id" != $2)[0m  [["question_id", 1], ["id", 1]]
  [1m[35mResponse Load (0.5ms)[0m  SELECT  "responses".* FROM "responses"  ORDER BY "responses"."id" ASC LIMIT 1
  [1m[36mQuestion Load (0.3ms)[0m  [1mSELECT  "questions".* FROM "questions" INNER JOIN "answer_choices" ON "questions"."id" = "answer_choices"."question_id" WHERE "answer_choices"."id" = $1 LIMIT 1[0m  [["id", 1]]
  [1m[35mPoll Load (0.3ms)[0m  SELECT  "polls".* FROM "polls" WHERE "polls"."id" = $1 LIMIT 1  [["id", 1]]
  [1m[36mResponse Load (0.3ms)[0m  [1mSELECT  "responses".* FROM "responses"  ORDER BY "responses"."id" ASC LIMIT 1[0m
  [1m[35mQuestion Load (0.2ms)[0m  SELECT  "questions".* FROM "questions" INNER JOIN "answer_choices" ON "questions"."id" = "answer_choices"."question_id" WHERE "answer_choices"."id" = $1 LIMIT 1  [["id", 1]]
  [1m[36mPoll Load (0.3ms)[0m  [1mSELECT  "polls".* FROM "polls" WHERE "polls"."id" = $1 LIMIT 1[0m  [["id", 1]]
  [1m[35mResponse Load (0.4ms)[0m  SELECT  "responses".* FROM "responses"  ORDER BY "responses"."id" ASC LIMIT 1
  [1m[36m (0.2ms)[0m  [1mBEGIN[0m
  [1m[35mQuestion Load (0.2ms)[0m  SELECT  "questions".* FROM "questions" INNER JOIN "answer_choices" ON "questions"."id" = "answer_choices"."question_id" WHERE "answer_choices"."id" = $1 LIMIT 1  [["id", 3]]
  [1m[36mResponse Exists (0.6ms)[0m  [1mSELECT  1 AS one FROM "responses" INNER JOIN "answer_choices" ON "responses"."answer_id" = "answer_choices"."id" WHERE "answer_choices"."question_id" = $1 AND ("responses"."id" IS NOT NULL) AND "responses"."user_id" = $2 LIMIT 1[0m  [["question_id", 2], ["user_id", 1]]
  [1m[35mPoll Load (0.2ms)[0m  SELECT  "polls".* FROM "polls" WHERE "polls"."id" = $1 LIMIT 1  [["id", 2]]
  [1m[36m (0.2ms)[0m  [1mROLLBACK[0m
  [1m[35mQuestion Load (0.3ms)[0m  SELECT  "questions".* FROM "questions"  ORDER BY "questions"."id" ASC LIMIT 1
  [1m[36mResponse Load (0.5ms)[0m  [1mSELECT "responses".* FROM "responses" INNER JOIN "answer_choices" ON "responses"."answer_id" = "answer_choices"."id" WHERE "answer_choices"."question_id" = $1[0m  [["question_id", 1]]
  [1m[35mQuestion Load (0.3ms)[0m  SELECT  "questions".* FROM "questions"  ORDER BY "questions"."id" ASC LIMIT 1
  [1m[36mResponse Load (0.5ms)[0m  [1mSELECT "responses".* FROM "responses" INNER JOIN "answer_choices" ON "responses"."answer_id" = "answer_choices"."id" WHERE "answer_choices"."question_id" = $1[0m  [["question_id", 1]]
  [1m[35mQuestion Load (0.4ms)[0m  SELECT  "questions".* FROM "questions"  ORDER BY "questions"."id" ASC LIMIT 1
  [1m[36mResponse Load (0.5ms)[0m  [1mSELECT "responses".* FROM "responses" INNER JOIN "answer_choices" ON "responses"."answer_id" = "answer_choices"."id" WHERE "answer_choices"."question_id" = $1[0m  [["question_id", 1]]
  [1m[35mQuestion Load (0.3ms)[0m  SELECT  "questions".* FROM "questions"  ORDER BY "questions"."id" ASC LIMIT 1
  [1m[36mQuestion Load (0.5ms)[0m  [1mSELECT  "questions".* FROM "questions"  ORDER BY "questions"."id" ASC LIMIT 1[0m
  [1m[35mQuestion Load (0.3ms)[0m  SELECT  "questions".* FROM "questions"  ORDER BY "questions"."id" ASC LIMIT 1
  [1m[36mAnswerChoice Load (0.3ms)[0m  [1mSELECT "answer_choices".* FROM "answer_choices" WHERE "answer_choices"."question_id" = $1[0m  [["question_id", 1]]
  [1m[35mResponse Load (0.5ms)[0m  SELECT "responses".* FROM "responses" WHERE "responses"."answer_id" IN (1, 2)
  [1m[36mQuestion Load (0.4ms)[0m  [1mSELECT  "questions".* FROM "questions"  ORDER BY "questions"."id" ASC LIMIT 1[0m
  [1m[35mAnswerChoice Load (0.3ms)[0m  SELECT "answer_choices".* FROM "answer_choices" WHERE "answer_choices"."question_id" = $1  [["question_id", 1]]
  [1m[36mResponse Load (0.4ms)[0m  [1mSELECT "responses".* FROM "responses" WHERE "responses"."answer_id" IN (1, 2)[0m
  [1m[35mQuestion Load (0.3ms)[0m  SELECT  "questions".* FROM "questions"  ORDER BY "questions"."id" ASC LIMIT 1
  [1m[36mAnswerChoice Load (0.3ms)[0m  [1mSELECT "answer_choices".* FROM "answer_choices" WHERE "answer_choices"."question_id" = $1[0m  [["question_id", 1]]
  [1m[35mQuestion Load (0.3ms)[0m  SELECT  "questions".* FROM "questions"  ORDER BY "questions"."id" ASC LIMIT 1
  [1m[36mAnswerChoice Load (0.3ms)[0m  [1mSELECT "answer_choices".* FROM "answer_choices" WHERE "answer_choices"."question_id" = $1[0m  [["question_id", 1]]
  [1m[35mResponse Load (0.3ms)[0m  SELECT "responses".* FROM "responses" WHERE "responses"."answer_id" = $1  [["answer_id", 1]]
  [1m[36mAnswerChoice Load (0.3ms)[0m  [1mSELECT  "answer_choices".* FROM "answer_choices" WHERE "answer_choices"."id" = $1 LIMIT 1[0m  [["id", 1]]
  [1m[35mAnswerChoice Load (0.3ms)[0m  SELECT  "answer_choices".* FROM "answer_choices" WHERE "answer_choices"."id" = $1 LIMIT 1  [["id", 1]]
  [1m[36mAnswerChoice Load (0.3ms)[0m  [1mSELECT  "answer_choices".* FROM "answer_choices" WHERE "answer_choices"."id" = $1 LIMIT 1[0m  [["id", 1]]
  [1m[35mResponse Load (0.3ms)[0m  SELECT "responses".* FROM "responses" WHERE "responses"."answer_id" = $1  [["answer_id", 2]]
  [1m[36mAnswerChoice Load (0.3ms)[0m  [1mSELECT  "answer_choices".* FROM "answer_choices" WHERE "answer_choices"."id" = $1 LIMIT 1[0m  [["id", 2]]
  [1m[35mAnswerChoice Load (0.3ms)[0m  SELECT  "answer_choices".* FROM "answer_choices" WHERE "answer_choices"."id" = $1 LIMIT 1  [["id", 2]]
  [1m[36mQuestion Load (0.3ms)[0m  [1mSELECT  "questions".* FROM "questions"  ORDER BY "questions"."id" ASC LIMIT 1[0m
  [1m[35mAnswerChoice Load (0.3ms)[0m  SELECT "answer_choices".* FROM "answer_choices" WHERE "answer_choices"."question_id" = $1  [["question_id", 1]]
  [1m[36mResponse Load (0.4ms)[0m  [1mSELECT "responses".* FROM "responses" WHERE "responses"."answer_id" IN (1, 2)[0m
  [1m[35mQuestion Load (0.5ms)[0m  SELECT  "questions".* FROM "questions"  ORDER BY "questions"."id" ASC LIMIT 1
  [1m[36mAnswerChoice Load (0.4ms)[0m  [1mSELECT "answer_choices".* FROM "answer_choices" WHERE "answer_choices"."question_id" = $1[0m  [["question_id", 1]]
  [1m[35mQuestion Load (0.3ms)[0m  SELECT  "questions".* FROM "questions"  ORDER BY "questions"."id" ASC LIMIT 1
  [1m[36mAnswerChoice Load (0.2ms)[0m  [1mSELECT "answer_choices".* FROM "answer_choices" WHERE "answer_choices"."question_id" = $1[0m  [["question_id", 1]]
  [1m[35mResponse Load (0.4ms)[0m  SELECT "responses".* FROM "responses" WHERE "responses"."answer_id" = $1  [["answer_id", 1]]
  [1m[36mAnswerChoice Load (0.4ms)[0m  [1mSELECT  "answer_choices".* FROM "answer_choices" WHERE "answer_choices"."id" = $1 LIMIT 1[0m  [["id", 1]]
  [1m[35mAnswerChoice Load (0.2ms)[0m  SELECT  "answer_choices".* FROM "answer_choices" WHERE "answer_choices"."id" = $1 LIMIT 1  [["id", 1]]
  [1m[36mAnswerChoice Load (0.2ms)[0m  [1mSELECT  "answer_choices".* FROM "answer_choices" WHERE "answer_choices"."id" = $1 LIMIT 1[0m  [["id", 1]]
  [1m[35mResponse Load (0.3ms)[0m  SELECT "responses".* FROM "responses" WHERE "responses"."answer_id" = $1  [["answer_id", 2]]
  [1m[36mAnswerChoice Load (0.2ms)[0m  [1mSELECT  "answer_choices".* FROM "answer_choices" WHERE "answer_choices"."id" = $1 LIMIT 1[0m  [["id", 2]]
  [1m[35mAnswerChoice Load (0.2ms)[0m  SELECT  "answer_choices".* FROM "answer_choices" WHERE "answer_choices"."id" = $1 LIMIT 1  [["id", 2]]
  [1m[36mQuestion Load (0.3ms)[0m  [1mSELECT  "questions".* FROM "questions"  ORDER BY "questions"."id" ASC LIMIT 1[0m
  [1m[35mAnswerChoice Load (0.2ms)[0m  SELECT "answer_choices".* FROM "answer_choices" WHERE "answer_choices"."question_id" = $1  [["question_id", 1]]
  [1m[36mResponse Load (0.4ms)[0m  [1mSELECT "responses".* FROM "responses" WHERE "responses"."answer_id" IN (1, 2)[0m
  [1m[35mQuestion Load (0.3ms)[0m  SELECT  "questions".* FROM "questions"  ORDER BY "questions"."id" ASC LIMIT 1
  [1m[36mAnswerChoice Load (0.2ms)[0m  [1mSELECT "answer_choices".* FROM "answer_choices" WHERE "answer_choices"."question_id" = $1[0m  [["question_id", 1]]
  [1m[35mResponse Load (0.4ms)[0m  SELECT "responses".* FROM "responses" WHERE "responses"."answer_id" IN (1, 2)
  [1m[36mAnswerChoice Load (0.2ms)[0m  [1mSELECT  "answer_choices".* FROM "answer_choices" WHERE "answer_choices"."id" = $1 LIMIT 1[0m  [["id", 1]]
  [1m[35mAnswerChoice Load (0.2ms)[0m  SELECT  "answer_choices".* FROM "answer_choices" WHERE "answer_choices"."id" = $1 LIMIT 1  [["id", 1]]
  [1m[36mAnswerChoice Load (0.2ms)[0m  [1mSELECT  "answer_choices".* FROM "answer_choices" WHERE "answer_choices"."id" = $1 LIMIT 1[0m  [["id", 1]]
  [1m[35mAnswerChoice Load (0.2ms)[0m  SELECT  "answer_choices".* FROM "answer_choices" WHERE "answer_choices"."id" = $1 LIMIT 1  [["id", 2]]
  [1m[36mAnswerChoice Load (0.2ms)[0m  [1mSELECT  "answer_choices".* FROM "answer_choices" WHERE "answer_choices"."id" = $1 LIMIT 1[0m  [["id", 2]]
  [1m[35mQuestion Load (0.5ms)[0m  SELECT  "questions".* FROM "questions"  ORDER BY "questions"."id" ASC LIMIT 1
  [1m[36mAnswerChoice Load (0.3ms)[0m  [1mSELECT "answer_choices".* FROM "answer_choices" WHERE "answer_choices"."question_id" = $1[0m  [["question_id", 1]]
  [1m[35mResponse Load (0.3ms)[0m  SELECT "responses".* FROM "responses" WHERE "responses"."answer_id" = $1  [["answer_id", 1]]
  [1m[36mAnswerChoice Load (0.2ms)[0m  [1mSELECT  "answer_choices".* FROM "answer_choices" WHERE "answer_choices"."id" = $1 LIMIT 1[0m  [["id", 1]]
  [1m[35mAnswerChoice Load (0.2ms)[0m  SELECT  "answer_choices".* FROM "answer_choices" WHERE "answer_choices"."id" = $1 LIMIT 1  [["id", 1]]
  [1m[36mAnswerChoice Load (0.2ms)[0m  [1mSELECT  "answer_choices".* FROM "answer_choices" WHERE "answer_choices"."id" = $1 LIMIT 1[0m  [["id", 1]]
  [1m[35mResponse Load (0.3ms)[0m  SELECT "responses".* FROM "responses" WHERE "responses"."answer_id" = $1  [["answer_id", 2]]
  [1m[36mAnswerChoice Load (0.2ms)[0m  [1mSELECT  "answer_choices".* FROM "answer_choices" WHERE "answer_choices"."id" = $1 LIMIT 1[0m  [["id", 2]]
  [1m[35mAnswerChoice Load (0.2ms)[0m  SELECT  "answer_choices".* FROM "answer_choices" WHERE "answer_choices"."id" = $1 LIMIT 1  [["id", 2]]
  [1m[36mQuestion Load (0.5ms)[0m  [1mSELECT  "questions".* FROM "questions"  ORDER BY "questions"."id" ASC LIMIT 1[0m
  [1m[35mAnswerChoice Load (0.2ms)[0m  SELECT "answer_choices".* FROM "answer_choices" WHERE "answer_choices"."question_id" = $1  [["question_id", 1]]
  [1m[36mResponse Load (0.5ms)[0m  [1mSELECT "responses".* FROM "responses" WHERE "responses"."answer_id" IN (1, 2)[0m
  [1m[35mAnswerChoice Load (0.2ms)[0m  SELECT  "answer_choices".* FROM "answer_choices" WHERE "answer_choices"."id" = $1 LIMIT 1  [["id", 1]]
  [1m[36mAnswerChoice Load (0.2ms)[0m  [1mSELECT  "answer_choices".* FROM "answer_choices" WHERE "answer_choices"."id" = $1 LIMIT 1[0m  [["id", 1]]
  [1m[35mAnswerChoice Load (0.2ms)[0m  SELECT  "answer_choices".* FROM "answer_choices" WHERE "answer_choices"."id" = $1 LIMIT 1  [["id", 1]]
  [1m[36mAnswerChoice Load (0.2ms)[0m  [1mSELECT  "answer_choices".* FROM "answer_choices" WHERE "answer_choices"."id" = $1 LIMIT 1[0m  [["id", 2]]
  [1m[35mAnswerChoice Load (0.2ms)[0m  SELECT  "answer_choices".* FROM "answer_choices" WHERE "answer_choices"."id" = $1 LIMIT 1  [["id", 2]]
  [1m[36mQuestion Load (0.3ms)[0m  [1mSELECT  "questions".* FROM "questions"  ORDER BY "questions"."id" ASC LIMIT 1[0m
  [1m[35mAnswerChoice Load (0.2ms)[0m  SELECT "answer_choices".* FROM "answer_choices" WHERE "answer_choices"."question_id" = $1  [["question_id", 1]]
  [1m[36mResponse Load (0.4ms)[0m  [1mSELECT "responses".* FROM "responses" WHERE "responses"."answer_id" IN (1, 2)[0m
  [1m[35mQuestion Load (0.5ms)[0m  SELECT  "questions".* FROM "questions"  ORDER BY "questions"."id" ASC LIMIT 1
  [1m[36mAnswerChoice Load (0.3ms)[0m  [1mSELECT "answer_choices".* FROM "answer_choices" WHERE "answer_choices"."question_id" = $1[0m  [["question_id", 1]]
  [1m[35mResponse Load (0.4ms)[0m  SELECT "responses".* FROM "responses" WHERE "responses"."answer_id" IN (1, 2)
  [1m[36mQuestion Load (0.3ms)[0m  [1mSELECT  "questions".* FROM "questions"  ORDER BY "questions"."id" ASC LIMIT 1[0m
  [1m[35mAnswerChoice Load (0.3ms)[0m  SELECT "answer_choices".* FROM "answer_choices" WHERE "answer_choices"."question_id" = $1  [["question_id", 1]]
  [1m[36mResponse Load (0.4ms)[0m  [1mSELECT "responses".* FROM "responses" WHERE "responses"."answer_id" IN (1, 2)[0m
  [1m[35mQuestion Load (0.3ms)[0m  SELECT  "questions".* FROM "questions"  ORDER BY "questions"."id" ASC LIMIT 1
  [1m[36mAnswerChoice Load (0.2ms)[0m  [1mSELECT "answer_choices".* FROM "answer_choices" WHERE "answer_choices"."question_id" = $1[0m  [["question_id", 1]]
  [1m[35mResponse Load (0.4ms)[0m  SELECT "responses".* FROM "responses" WHERE "responses"."answer_id" IN (1, 2)
